"../../../../../../Users/jonas/Documents/Unreal Projects/FlightSchool/FishTank/FishTank/Content/Blueprints/BP_PlayerController.uasset" 0
"../../../Engine/Content/EngineMaterials/T_Default_Material_Grid_N.uasset" 1
"../../../Engine/Content/EngineMaterials/T_Default_Material_Grid_M.uasset" 2
"../../../Engine/Content/Functions/Engine_MaterialFunctions01/Opacity/CameraDepthFade.uasset" 3
"../../../Engine/Content/EngineMaterials/DefaultMaterial.uasset" 4
"../../../Engine/Content/BasicShapes/Cone.uasset" 5
"../../../Engine/Content/BasicShapes/BasicShapeMaterial.uasset" 6
"../../../../../../Users/jonas/Documents/Unreal Projects/FlightSchool/FishTank/FishTank/Content/Blueprints/BP_FishPlayer.uasset" 7
"../../../../../../Users/jonas/Documents/Unreal Projects/FlightSchool/FishTank/FishTank/Content/Blueprints/BP_GameMode.uasset" 8
"../../../../../../Users/jonas/Documents/Unreal Projects/FlightSchool/FishTank/FishTank/Content/Blueprints/BP_RBFish.uasset" 9
"../../../Engine/Content/EngineMaterials/WorldGridMaterial.uasset" 10
"../../../Engine/Content/BasicShapes/Cube.uasset" 11
"../../../../../../Users/jonas/Documents/Unreal Projects/FlightSchool/FishTank/FishTank/Content/Blueprints/BP_Trigger_WrapActors.uasset" 12
"../../../../../../Users/jonas/Documents/Unreal Projects/FlightSchool/FishTank/FishTank/Content/Textures/TEX_pebbles_rough2.uasset" 13
"../../../../../../Users/jonas/Documents/Unreal Projects/FlightSchool/FishTank/FishTank/Content/Textures/TEX_pebbles_normal2.uasset" 14
"../../../../../../Users/jonas/Documents/Unreal Projects/FlightSchool/FishTank/FishTank/Content/Textures/TEX_pebbles_baseColor.uasset" 15
"../../../../../../Users/jonas/Documents/Unreal Projects/FlightSchool/FishTank/FishTank/Content/Materials/MAT_Pebbles.uasset" 16
"../../../../../../Users/jonas/Documents/Unreal Projects/FlightSchool/FishTank/FishTank/Content/Materials/MATI_Pebbles.uasset" 17
"../../../../../../Users/jonas/Documents/Unreal Projects/FlightSchool/FishTank/FishTank/Content/Textures/TEX_sand_baseColor.uasset" 18
"../../../../../../Users/jonas/Documents/Unreal Projects/FlightSchool/FishTank/FishTank/Content/Materials/MAT_sand1.uasset" 19
"../../../../../../Users/jonas/Documents/Unreal Projects/FlightSchool/FishTank/FishTank/Content/Materials/MAT_test_yellow.uasset" 20
"../../../../../../Users/jonas/Documents/Unreal Projects/FlightSchool/FishTank/FishTank/Content/Textures/TEX_pebbles_normal.uasset" 21
"../../../../../../Users/jonas/Documents/Unreal Projects/FlightSchool/FishTank/FishTank/Content/Textures/TEX_pebbles_rough.uasset" 22
"../../../Engine/Content/ArtTools/RenderToTexture/Meshes/S_1_Unit_Plane.uasset" 23
"../../../Engine/Content/BasicShapes/Plane.uasset" 24
"../../../Engine/Content/EditorLandscapeResources/DataLayer.uasset" 25
"../../../Engine/Content/EditorLandscapeResources/DefaultAlphaTexture.uasset" 26
"../../../Engine/Content/EditorMaterials/MAT_Groups_Toggle.uasset" 27
"../../../Engine/Content/EditorMaterials/MAT_Groups_Visibility.uasset" 28
"../../../Engine/Content/EditorMaterials/PreviewShadowIndicator.uasset" 29
"../../../Engine/Content/EditorMaterials/PreviewShadowIndicatorMaterial.uasset" 30
"../../../Engine/Content/EditorMaterials/MatineeGroups/MAT_ColorTrack.uasset" 31
"../../../Engine/Content/EditorMaterials/MatineeGroups/MAT_Groups_Anim.uasset" 32
"../../../Engine/Content/EditorMaterials/MatineeGroups/MAT_Groups_AudioMaster.uasset" 33
"../../../Engine/Content/EditorMaterials/MatineeGroups/MAT_Groups_Director.uasset" 34
"../../../Engine/Content/EditorMaterials/MatineeGroups/MAT_Groups_Event.uasset" 35
"../../../Engine/Content/EditorMaterials/MatineeGroups/MAT_Groups_Fade.uasset" 36
"../../../Engine/Content/EditorMaterials/MatineeGroups/MAT_Groups_Float.uasset" 37
"../../../Engine/Content/EditorMaterials/MatineeGroups/MAT_Groups_Move.uasset" 38
"../../../Engine/Content/EditorMaterials/MatineeGroups/MAT_Groups_Slomo.uasset" 39
"../../../Engine/Content/EditorMaterials/MatineeGroups/MAT_Groups_Sound.uasset" 40
"../../../Engine/Content/EditorMaterials/MatineeGroups/MAT_Groups_Vector.uasset" 41
"../../../Engine/Content/EditorMaterials/ParticleSystems/PSysThumbnail_NoImage.uasset" 42
"../../../Engine/Content/EditorMaterials/ParticleSystems/PSysThumbnail_OOD.uasset" 43
"../../../Engine/Content/EditorMaterials/Camera/CineMat.uasset" 44
"../../../Engine/Content/EditorMaterials/Camera/MI_CineMat_Rig.uasset" 45
"../../../Engine/Content/EditorMeshes/Camera/SM_CraneRig_Arm.uasset" 46
"../../../Engine/Content/EditorMeshes/Camera/SM_CraneRig_Base.uasset" 47
"../../../Engine/Content/EditorMeshes/Camera/SM_CraneRig_Body.uasset" 48
"../../../Engine/Content/EditorMeshes/Camera/SM_CraneRig_Mount.uasset" 49
"../../../Engine/Content/EditorMeshes/Camera/SM_RailRig_Mount.uasset" 50
"../../../Engine/Content/EditorMeshes/Camera/SM_RailRig_Track.uasset" 51
"../../../Engine/Content/EditorResources/BSPVertex.uasset" 52
"../../../Engine/Content/EditorResources/EmptyActor.uasset" 53
"../../../Engine/Content/EditorResources/S_Actor.uasset" 54
"../../../Engine/Content/EditorResources/S_Note.uasset" 55
"../../../Engine/Content/EditorResources/S_Solver.uasset" 56
"../../../Engine/Content/EditorResources/S_Terrain.uasset" 57
"../../../Engine/Content/EditorResources/S_Trigger.uasset" 58
"../../../Engine/Content/EditorResources/LightIcons/S_LightError.uasset" 59
"../../../Engine/Content/EditorResources/SequenceRecorder/Countdown.uasset" 60
"../../../Engine/Content/EditorResources/SequenceRecorder/RecordingIndicator.uasset" 61
"../../../Engine/Content/EngineDamageTypes/DmgTypeBP_Environmental.uasset" 62
"../../../Engine/Content/EngineDebugMaterials/DebugEditorMaterial.uasset" 63
"../../../Engine/Content/EngineDebugMaterials/DebugMeshMaterial.uasset" 64
"../../../Engine/Content/EngineDebugMaterials/M_SimpleUnlitTranslucent.uasset" 65
"../../../Engine/Content/EngineDebugMaterials/VolumeToRender.uasset" 66
"../../../Engine/Content/Functions/Engine_MaterialFunctions02/Utility/CameraDirectionVector.uasset" 67
"../../../Engine/Content/EngineDebugMaterials/M_VolumeRenderSphereTracePP.uasset" 68
"../../../Engine/Content/Functions/Engine_MaterialFunctions01/Shading/ConvertFromDiffSpec.uasset" 69
"../../../Engine/Content/EngineDebugMaterials/VertexColorMaterial.uasset" 70
"../../../Engine/Content/EngineDebugMaterials/WireframeMaterial.uasset" 71
"../../../Engine/Content/EngineFonts/Faces/RobotoRegular.uasset" 72
"../../../Engine/Content/EngineFonts/Faces/RobotoLight.uasset" 73
"../../../Engine/Content/EngineFonts/Faces/RobotoItalic.uasset" 74
"../../../Engine/Content/EngineFonts/Faces/RobotoBoldItalic.uasset" 75
"../../../Engine/Content/EngineFonts/Faces/RobotoBold.uasset" 76
"../../../Engine/Content/EngineFonts/Faces/DroidSansFallback.uasset" 77
"../../../Engine/Content/EngineFonts/Roboto.uasset" 78
"../../../Engine/Content/EngineMaterials/BaseFlattenNormalMap.uasset" 79
"../../../Engine/Content/EngineMaterials/BaseFlattenGrayscaleMap.uasset" 80
"../../../Engine/Content/EngineMaterials/BaseFlattenEmissiveMap.uasset" 81
"../../../Engine/Content/EngineMaterials/BaseFlattenDiffuseMap.uasset" 82
"../../../Engine/Content/EngineMaterials/BaseFlattenMaterial.uasset" 83
"../../../Engine/Content/EngineMaterials/BlueNoise.uasset" 84
"../../../Engine/Content/EngineMaterials/DefaultBloomKernel.uasset" 85
"../../../Engine/Content/EngineMaterials/DefaultBokeh.uasset" 86
"../../../Engine/Content/EngineMaterials/DefaultDiffuse.uasset" 87
"../../../Engine/Content/EngineMaterials/DefaultDeferredDecalMaterial.uasset" 88
"../../../Engine/Content/EngineMaterials/DefaultLightFunctionMaterial.uasset" 89
"../../../Engine/Content/EngineMaterials/DefaultPhysicalMaterial.uasset" 90
"../../../Engine/Content/Functions/Engine_MaterialFunctions02/Utility/BreakOutFloat2Components.uasset" 91
"../../../Engine/Content/EngineMaterials/DefaultPostProcessMaterial.uasset" 92
"../../../Engine/Content/EngineFonts/RobotoDistanceField.uasset" 93
"../../../Engine/Content/EngineMaterials/DefaultTextMaterialOpaque.uasset" 94
"../../../Engine/Content/EngineMaterials/DefaultWhiteGrid.uasset" 95
"../../../Engine/Content/EngineMaterials/DefaultWhiteGrid_Low.uasset" 96
"../../../Engine/Content/EngineMaterials/EmissiveMeshMaterial.uasset" 97
"../../../Engine/Content/EngineMaterials/GizmoMaterial.uasset" 98
"../../../Engine/Content/EngineMaterials/Good64x64TilingNoiseHighFreq.uasset" 99
"../../../Engine/Content/EngineMaterials/MiniFont.uasset" 100
"../../../Engine/Content/EngineMaterials/InvalidLightmapSettings.uasset" 101
"../../../Engine/Content/EngineMaterials/M_InvalidLightmapSettings.uasset" 102
"../../../Engine/Content/Functions/Engine_MaterialFunctions02/WorldPositionOffset/CameraOffset.uasset" 103
"../../../Engine/Content/EngineMaterials/PhAT_JointLimitMaterial.uasset" 104
"../../../Engine/Content/EngineMaterials/PreintegratedSkinBRDF.uasset" 105
"../../../Engine/Content/EngineMaterials/RemoveSurfaceMaterial.uasset" 106
"../../../Engine/Content/EngineMaterials/WeightMapPlaceholderTexture.uasset" 107
"../../../Engine/Content/EngineResources/WhiteSquareTexture.uasset" 108
"../../../Engine/Content/EngineMaterials/Widget3DPassThrough.uasset" 109
"../../../Engine/Content/EngineMaterials/Widget3DPassThrough_Masked.uasset" 110
"../../../Engine/Content/EngineMaterials/Widget3DPassThrough_Opaque.uasset" 111
"../../../Engine/Content/EngineMaterials/Widget3DPassThrough_Masked_OneSided.uasset" 112
"../../../Engine/Content/EngineMaterials/Widget3DPassThrough_Opaque_OneSided.uasset" 113
"../../../Engine/Content/EngineMaterials/Widget3DPassThrough_Translucent.uasset" 114
"../../../Engine/Content/EngineMaterials/Widget3DPassThrough_Translucent_OneSided.uasset" 115
"../../../Engine/Content/EngineMeshes/Cylinder.uasset" 116
"../../../Engine/Content/EngineMeshes/Sphere.uasset" 117
"../../../Engine/Content/EngineResources/Black.uasset" 118
"../../../Engine/Content/EngineResources/DefaultTextureCube.uasset" 119
"../../../Engine/Content/EngineResources/DefaultVolumeTexture2D.uasset" 120
"../../../Engine/Content/EngineResources/DefaultVolumeTexture.uasset" 121
"../../../Engine/Content/EngineResources/GradientTexture0.uasset" 122
"../../../Engine/Content/EngineSky/VolumetricClouds/T_NoiseShape64.uasset" 123
"../../../Engine/Content/EngineSky/VolumetricClouds/T_VolumeNoiseShape64.uasset" 124
"../../../Engine/Content/EngineSky/VolumetricClouds/T_NoiseErosion.uasset" 125
"../../../Engine/Content/EngineSky/VolumetricClouds/T_VolumeNoiseErosion32.uasset" 126
"../../../Engine/Content/EngineSky/VolumetricClouds/CloudWeatherTexture.uasset" 127
"../../../Engine/Content/EngineSky/VolumetricClouds/CloudGradientTexture.uasset" 128
"../../../Engine/Content/Functions/Engine_MaterialFunctions02/Utility/MakeFloat2.uasset" 129
"../../../Engine/Content/EngineSky/VolumetricClouds/m_SimpleVolumetricCloud.uasset" 130
"../../../Engine/Content/EngineSky/VolumetricClouds/m_SimpleVolumetricCloud_Inst.uasset" 131
"../../../Engine/Content/EngineSounds/Master.uasset" 132
"../../../Engine/Content/Functions/Engine_MaterialFunctions01/Shading/PowerToRoughness.uasset" 133
"../../../Engine/Content/Maps/Templates/Thumbnails/Default.uasset" 134
"../../../Engine/Content/Maps/Templates/Thumbnails/TimeOfDay.uasset" 135
"../../../Engine/Content/Maps/Templates/Thumbnails/VR-Basic.uasset" 136
"../../../Engine/Content/MobileResources/T_MobileControls_texture.uasset" 137
"../../../Engine/Content/MobileResources/T_MobileMenu2.uasset" 138
"../../../Engine/Content/MobileResources/HUD/AnalogHat.uasset" 139
"../../../Engine/Content/MobileResources/HUD/VirtualJoystick_Thumb.uasset" 140
"../../../Engine/Content/MobileResources/HUD/VirtualJoystick_Background.uasset" 141
"../../../Engine/Content/MobileResources/HUD/DefaultVirtualJoysticks.uasset" 142
"../../../Engine/Content/MobileResources/HUD/LeftVirtualJoystickOnly.uasset" 143
"../../../Engine/Content/MobileResources/HUD/MobileHUDButton1_off.uasset" 144
"../../../Engine/Content/MobileResources/HUD/MobileHUDButton1_on.uasset" 145
"../../../Engine/Content/MobileResources/HUD/MobileHUDButton2_off.uasset" 146
"../../../Engine/Content/MobileResources/HUD/MobileHUDButton2_on.uasset" 147
"../../../Engine/Content/MobileResources/HUD/MobileHUDButton3.uasset" 148
"../../../Engine/Content/MobileResources/HUD/MobileHUDButtonFire.uasset" 149
"../../../Engine/Content/MobileResources/HUD/MobileHUDDirectionPad.uasset" 150
"../../../Engine/Content/MobileResources/HUD/MobileHUDDirectionPad2.uasset" 151
"../../../Engine/Content/MobileResources/HUD/MobileHUDDirectionPad3.uasset" 152
"../../../Engine/Content/MobileResources/HUD/MobileHUDDirectionStick.uasset" 153
"../../../Engine/Content/MobileResources/HUD/T_Castle_ThumbstickInner.uasset" 154
"../../../Engine/Content/MobileResources/HUD/T_Castle_ThumbstickOutter.uasset" 155
"../../../Engine/Content/Tutorial/ContentIntroCurve.uasset" 156
"../../../Engine/Content/Tutorial/Basics/ContentBrowserOverview.uasset" 157
"../../../Engine/Content/Tutorial/Basics/FeaturePacks.uasset" 158
"../../../Engine/Content/Tutorial/Basics/LevelEditorAttract.uasset" 159
"../../../Engine/Content/Tutorial/Basics/TutorialAssets/icon_tab_Levels_40x.uasset" 160
"../../../Engine/Content/Tutorial/Basics/LevelEditorOverview.uasset" 161
"../../../Engine/Content/Tutorial/Basics/TutorialAssets/CameraActor_64x.uasset" 162
"../../../Engine/Content/Tutorial/Basics/ViewportsTutorial.uasset" 163
"../../../Engine/Content/Tutorial/BlueprintTutorials/TutorialAssets/Blueprint_64x.uasset" 164
"../../../Engine/Content/Tutorial/BlueprintTutorials/BlueprintEditorTutorial.uasset" 165
"../../../Engine/Content/Tutorial/BlueprintTutorials/TutorialAssets/BlueprintInterface_64x.uasset" 166
"../../../Engine/Content/Tutorial/BlueprintTutorials/BlueprintInterfacesEditorOverview.uasset" 167
"../../../Engine/Content/Tutorial/BlueprintTutorials/TutorialAssets/BlueprintMacroLibrary_64x.uasset" 168
"../../../Engine/Content/Tutorial/BlueprintTutorials/BlueprintMacroLibrariesEditorOverview.uasset" 169
"../../../Engine/Content/Tutorial/BlueprintTutorials/TutorialAssets/Tutorial_BP_Interface.uasset" 170
"../../../Engine/Content/Tutorial/BlueprintTutorials/TutorialAssets/Tutorial_BP_MacroLib.uasset" 171
"../../../Engine/Content/Tutorial/Code/AddingCode.uasset" 172
"../../../Engine/Content/Tutorial/InWorldBlueprintEditing/IWBE_Tutorial.uasset" 173
"../../../Engine/Content/Tutorial/InWorldBlueprintEditing/IWBE_Tutorial_Part2.uasset" 174
"../../../Engine/Content/Tutorial/InWorldBlueprintEditing/IWBE_Tutorial_Part3.uasset" 175
"../../../Engine/Content/VREditor/TransformGizmo/TranslucentTransformGizmoMaterial.uasset" 176
"../../../Engine/Content/VREditor/LaserPointer/VR_LaserPower_01.uasset" 177
"../../../Engine/Content/VREditor/TransformGizmo/TransformGizmoMaterial.uasset" 178
"../../../Engine/Content/VREditor/TransformGizmo/BoundingBoxCorner.uasset" 179
"../../../Engine/Content/VREditor/TransformGizmo/BoundingBoxEdge.uasset" 180
"../../../Engine/Content/VREditor/TransformGizmo/PlaneTranslationHandle.uasset" 181
"../../../Engine/Content/VREditor/TransformGizmo/Xray.uasset" 182
"../../../Engine/Content/VREditor/TransformGizmo/Main.uasset" 183
"../../../Engine/Content/VREditor/TransformGizmo/SM_Sequencer_Key.uasset" 184
"../../../Engine/Content/VREditor/TransformGizmo/SM_Sequencer_Node.uasset" 185
"../../Plugins/2D/Paper2D/Content/PlaceholderTextures/DummySpriteTexture.uasset" 186
"../../Plugins/2D/Paper2D/Content/DummySprite.uasset" 187
"../../Plugins/2D/Paper2D/Content/DefaultPaperTerrainMaterial.uasset" 188
"../../Plugins/2D/Paper2D/Content/DefaultSpriteMaterial.uasset" 189
"../../Plugins/2D/Paper2D/Content/MaskedUnlitSpriteMaterial.uasset" 190
"../../Plugins/2D/Paper2D/Content/OpaqueUnlitSpriteMaterial.uasset" 191
"../../../Engine/Content/Functions/Engine_MaterialFunctions02/Utility/BreakOutFloat3Components.uasset" 192
"../../Plugins/Editor/SpeedTreeImporter/Content/SpeedTree9/UnpackInteger3.uasset" 193
"../../Plugins/Editor/SpeedTreeImporter/Content/SpeedTree9/UnpackDirection.uasset" 194
"../../Plugins/Editor/SpeedTreeImporter/Content/SpeedTree9/game_wind_noise.uasset" 195
"../../../Engine/Content/Functions/Engine_MaterialFunctions02/SafeNormalize.uasset" 196
"../../Plugins/Editor/SpeedTreeImporter/Content/SpeedTree9/SpeedTreeWindMotion.uasset" 197
"../../Plugins/Editor/SpeedTreeImporter/Content/SpeedTree9/SpeedTreeBranchMotion.uasset" 198
"../../../Engine/Content/Functions/Engine_MaterialFunctions02/ObjectLocalBounds.uasset" 199
"../../../Engine/Content/Functions/Engine_MaterialFunctions02/UVs/BoundingBoxBased_0-1_UVW.uasset" 200
"../../Plugins/Editor/SpeedTreeImporter/Content/SpeedTree9/SpeedTreeWind.uasset" 201
"../../Plugins/Editor/SpeedTreeImporter/Content/SpeedTree9/SpeedTreeBillboard.uasset" 202
"../../../Engine/Content/EngineResources/DefaultTexture.uasset" 203
"../../Plugins/Editor/SpeedTreeImporter/Content/SpeedTree9/SpeedTreeBillboardMaster.uasset" 204
"../../Plugins/Editor/SpeedTreeImporter/Content/SpeedTree9/SpeedTreeCameraFacing.uasset" 205
"../../Plugins/Editor/SpeedTreeImporter/Content/SpeedTree9/SpeedTreeMaster.uasset" 206
"../../../Engine/Content/ArtTools/RenderToTexture/Materials/Debug/M_Emissive_Color.uasset" 207
"../../../Engine/Content/BasicShapes/Cylinder.uasset" 208
"../../Plugins/Lumin/MagicLeapPassableWorld/Content/MagicLeapARPinInfoActor.uasset" 209
"../../../Engine/Content/Functions/Engine_MaterialFunctions02/Utility/BreakOutFloat4Components.uasset" 210
"../../../Engine/Content/Functions/Engine_MaterialFunctions02/Utility/MakeFloat3.uasset" 211
"../../Plugins/Runtime/Oculus/OculusVR/Content/Materials/OculusMR_ChromaKey.uasset" 212
"../../Plugins/Runtime/Oculus/OculusVR/Content/Materials/OculusMR_OpaqueColoredMaterial.uasset" 213
"../../Plugins/Runtime/Oculus/OculusVR/Content/Materials/PokeAHoleMaterial.uasset" 214
"../../../Engine/Content/EngineSky/T_Sky_Stars.uasset" 215
"../../../Engine/Content/EngineSky/T_Sky_Clouds_M.uasset" 216
"../../../Engine/Content/EngineSky/T_Sky_Blue.uasset" 217
"../../../Engine/Content/EngineSky/M_Sky_Panning_Clouds2.uasset" 218
"../../../../../../Users/jonas/Documents/Unreal Projects/FlightSchool/FishTank/FishTank/Content/Levels/TestMap_BuiltData.uasset" 219
"../../../Engine/Content/EngineSky/SM_SkySphere.uasset" 220
"../../../Engine/Content/EngineSky/C_Sky_Zenith_Color.uasset" 221
"../../../Engine/Content/EngineSky/C_Sky_Horizon_Color.uasset" 222
"../../../Engine/Content/EngineSky/C_Sky_Cloud_Color.uasset" 223
"../../../Engine/Content/EditorBlueprintResources/StandardMacros.uasset" 224
"../../../Engine/Content/EngineSky/BP_Sky_Sphere.uasset" 225
"../../../../../../Users/jonas/Documents/Unreal Projects/FlightSchool/FishTank/FishTank/Content/Materials/MAT_test_blue.uasset" 226
"../../../Engine/Content/BasicShapes/Sphere.uasset" 227
"../../../../../../Users/jonas/Documents/Unreal Projects/FlightSchool/FishTank/FishTank/Content/Blueprints/BP_Component_TeleportOnExit.uasset" 228
"../../../../../../Users/jonas/Documents/Unreal Projects/FlightSchool/FishTank/FishTank/Content/Blueprints/BP_Projectile.uasset" 229
"../../../../../../Users/jonas/Documents/Unreal Projects/FlightSchool/FishTank/FishTank/Content/Textures/clouds_baseColor.uasset" 230
"../../../Engine/Content/MapTemplates/TilingNoise05.uasset" 231
"../../../Engine/Content/Functions/Engine_MaterialFunctions02/ExampleContent/Textures/water_n.uasset" 232
"../../../Engine/Content/Engine_MI_Shaders/T_Base_Tile_Normal.uasset" 233
"../../../../../../Users/jonas/Documents/Unreal Projects/FlightSchool/FishTank/FishTank/Content/Textures/TEX_clouds_baseColor.uasset" 234
"../../../Engine/Content/Functions/Engine_MaterialFunctions03/ComplexMotion/Motion_4WayChaos_Normal.uasset" 235
"../../../Engine/Content/Functions/Engine_MaterialFunctions02/ScreenResolution.uasset" 236
"../../../Engine/Content/Functions/Engine_MaterialFunctions01/Texturing/ScaleUVsByCenter.uasset" 237
"../../../Engine/Content/Functions/Engine_MaterialFunctions02/Texturing/ScreenAlignedUVs.uasset" 238
"../../../Engine/Content/Functions/Engine_MaterialFunctions02/HueShift.uasset" 239
"../../../../../../Users/jonas/Documents/Unreal Projects/FlightSchool/FishTank/FishTank/Content/Materials/MAT_Bubble.uasset" 240
"../../../../../../Users/jonas/Documents/Unreal Projects/FlightSchool/FishTank/FishTank/Content/Materials/MAT_Bubble_Inst.uasset" 241
"../../../../../../Users/jonas/Documents/Unreal Projects/FlightSchool/FishTank/FishTank/Content/Blueprints/BP_Bubble.uasset" 242
"../../../../../../Users/jonas/Documents/Unreal Projects/FlightSchool/FishTank/FishTank/Content/Blueprints/BP_RBGM.uasset" 243
"../../../../../../Users/jonas/Documents/Unreal Projects/FlightSchool/FishTank/FishTank/Content/Blueprints/BP_RBPawn.uasset" 244
"../../../../../../Users/jonas/Documents/Unreal Projects/FlightSchool/FishTank/FishTank/Content/Materials/MAT_test_orange.uasset" 245
"../../../../../../Users/jonas/Documents/Unreal Projects/FlightSchool/FishTank/FishTank/Content/Textures/TEX_sand2_baseColor.uasset" 246
"../../../../../../Users/jonas/Documents/Unreal Projects/FlightSchool/FishTank/FishTank/Content/Materials/MAT_sand2.uasset" 247
"../../../../../../Users/jonas/Documents/Unreal Projects/FlightSchool/FishTank/FishTank/Content/Blueprints/WB_UI.uasset" 248
"../../../../../../Users/jonas/Documents/Unreal Projects/FlightSchool/FishTank/FishTank/Content/Blueprints/BPC_BubbleDebug.uasset" 249
"../../../../../../Users/jonas/Documents/Unreal Projects/FlightSchool/FishTank/FishTank/Content/Levels/TestMap.umap" 250
"../../../Engine/Content/Maps/Entry_BuiltData.uasset" 251
"../../../Engine/Content/Maps/Entry.umap" 252
